#
# There is insufficient memory for the Java Runtime Environment to continue.
# Native memory allocation (mmap) failed to map 266338304 bytes for G1 virtual space
# Possible reasons:
#   The system is out of physical RAM or swap space
#   The process is running with CompressedOops enabled, and the Java Heap may be blocking the growth of the native heap
# Possible solutions:
#   Reduce memory load on the system
#   Increase physical memory or swap space
#   Check if swap backing store is full
#   Decrease Java heap size (-Xmx/-Xms)
#   Decrease number of Java threads
#   Decrease Java thread stack sizes (-Xss)
#   Set larger code cache with -XX:ReservedCodeCacheSize=
#   JVM is running with Zero Based Compressed Oops mode in which the Java heap is
#     placed in the first 32GB address space. The Java Heap base address is the
#     maximum limit for the native heap growth. Please use -XX:HeapBaseMinAddress
#     to set the Java Heap base and to place the Java Heap above 32GB virtual address.
# This output file may be truncated or incomplete.
#
#  Out of Memory Error (os_windows.cpp:3548), pid=2036, tid=14768
#
# JRE version:  (17.0.12+8) (build )
# Java VM: Java HotSpot(TM) 64-Bit Server VM (17.0.12+8-LTS-286, mixed mode, sharing, tiered, compressed oops, compressed class ptrs, g1 gc, windows-amd64)
# No core dump will be written. Minidumps are not enabled by default on client versions of Windows
#

---------------  S U M M A R Y ------------

Command Line: -javaagent:C:\Program Files\JetBrains\IntelliJ IDEA Community Edition 2024.2.3\lib\idea_rt.jar=55070:C:\Program Files\JetBrains\IntelliJ IDEA Community Edition 2024.2.3\bin -Dfile.encoding=UTF-8 MATH_DSA.AllDivisor_of_Number

Host: Intel(R) Core(TM) i5-10300H CPU @ 2.50GHz, 8 cores, 15G,  Windows 11 , 64 bit Build 26100 (10.0.26100.3624)
Time: Thu Apr 10 10:30:03 2025 India Standard Time elapsed time: 1.095201 seconds (0d 0h 0m 1s)

---------------  T H R E A D  ---------------

Current thread (0x000001f64c6ac8c0):  JavaThread "Unknown thread" [_thread_in_vm, id=14768, stack(0x0000005217f00000,0x0000005218000000)]

Stack: [0x0000005217f00000,0x0000005218000000]
Native frames: (J=compiled Java code, j=interpreted, Vv=VM code, C=native code)
V  [jvm.dll+0x67a04a]
V  [jvm.dll+0x7da4ed]
V  [jvm.dll+0x7dbe33]
V  [jvm.dll+0x7dc4a3]
V  [jvm.dll+0x24508f]
V  [jvm.dll+0x677089]
V  [jvm.dll+0x66bd32]
V  [jvm.dll+0x301fa6]
V  [jvm.dll+0x309546]
V  [jvm.dll+0x359d2e]
V  [jvm.dll+0x359f5f]
V  [jvm.dll+0x2d9078]
V  [jvm.dll+0x2d9fe4]
V  [jvm.dll+0x7aca21]
V  [jvm.dll+0x367591]
V  [jvm.dll+0x78b999]
V  [jvm.dll+0x3ec83f]
V  [jvm.dll+0x3ee471]
C  [jli.dll+0x5297]
C  [ucrtbase.dll+0x37b0]
C  [KERNEL32.DLL+0x2e8d7]
C  [ntdll.dll+0xb14fc]


---------------  P R O C E S S  ---------------

Threads class SMR info:
_java_thread_list=0x00007ffb7cc87a18, length=0, elements={
}

Java Threads: ( => current thread )

Other Threads:
  0x000001f64c71aef0 GCTaskThread "GC Thread#0" [stack: 0x0000005218000000,0x0000005218100000] [id=22380]
  0x000001f64c72c890 ConcurrentGCThread "G1 Main Marker" [stack: 0x0000005218100000,0x0000005218200000] [id=20680]
  0x000001f64c72e8f0 ConcurrentGCThread "G1 Conc#0" [stack: 0x0000005218200000,0x0000005218300000] [id=11528]

[error occurred during error reporting (printing all threads), id 0xc0000005, EXCEPTION_ACCESS_VIOLATION (0xc0000005) at pc=0x00007ffb7c4b9b67]

VM state: not at safepoint (not fully initialized)

VM Mutex/Monitor currently owned by a thread:  ([mutex/lock_event])
[0x000001f64c6a7ec0] Heap_lock - owner thread: 0x000001f64c6ac8c0

Heap address: 0x0000000702800000, size: 4056 MB, Compressed Oops mode: Zero based, Oop shift amount: 3

CDS archive(s) mapped at: [0x0000000000000000-0x0000000000000000-0x0000000000000000), size 0, SharedBaseAddress: 0x0000000800000000, ArchiveRelocationMode: 1.
Narrow klass base: 0x0000000000000000, Narrow klass shift: 0, Narrow klass range: 0x0

GC Precious Log:
<Empty>

Heap:
 garbage-first heap   total 0K, used 0K [0x0000000702800000, 0x0000000800000000)
  region size 2048K, 0 young (0K), 0 survivors (0K)

[error occurred during error reporting (printing heap information), id 0xc0000005, EXCEPTION_ACCESS_VIOLATION (0xc0000005) at pc=0x00007ffb7c8a3859]

GC Heap History (0 events):
No events

Deoptimization events (0 events):
No events

Classes unloaded (0 events):
No events

Classes redefined (0 events):
No events

Internal exceptions (0 events):
No events

VM Operations (0 events):
No events

Events (1 events):
Event: 0.009 Loaded shared library C:\Program Files\Java\jdk-17\bin\java.dll


Dynamic libraries:
0x00007ff64c4b0000 - 0x00007ff64c4c0000 	C:\Program Files\Java\jdk-17\bin\java.exe
0x00007ffbcfc80000 - 0x00007ffbcfee0000 	C:\WINDOWS\SYSTEM32\ntdll.dll
0x00007ffbceaa0000 - 0x00007ffbceb67000 	C:\WINDOWS\System32\KERNEL32.DLL
0x00007ffbcd6b0000 - 0x00007ffbcda7b000 	C:\WINDOWS\System32\KERNELBASE.dll
0x00007ffbcd270000 - 0x00007ffbcd3bb000 	C:\WINDOWS\System32\ucrtbase.dll
0x00007ffbc78a0000 - 0x00007ffbc78b9000 	C:\Program Files\Java\jdk-17\bin\jli.dll
0x00007ffbc7f50000 - 0x00007ffbc7f6b000 	C:\Program Files\Java\jdk-17\bin\VCRUNTIME140.dll
0x00007ffbce320000 - 0x00007ffbce3d3000 	C:\WINDOWS\System32\ADVAPI32.dll
0x00007ffbce1a0000 - 0x00007ffbce249000 	C:\WINDOWS\System32\msvcrt.dll
0x00007ffbcf830000 - 0x00007ffbcf8d6000 	C:\WINDOWS\System32\sechost.dll
0x00007ffbce940000 - 0x00007ffbcea56000 	C:\WINDOWS\System32\RPCRT4.dll
0x00007ffbcf8e0000 - 0x00007ffbcfaac000 	C:\WINDOWS\System32\USER32.dll
0x00007ffbcd680000 - 0x00007ffbcd6a7000 	C:\WINDOWS\System32\win32u.dll
0x00007ffbb3e70000 - 0x00007ffbb4107000 	C:\WINDOWS\WinSxS\amd64_microsoft.windows.common-controls_6595b64144ccf1df_6.0.26100.3624_none_3e086962e3345f24\COMCTL32.dll
0x00007ffbcf720000 - 0x00007ffbcf74a000 	C:\WINDOWS\System32\GDI32.dll
0x00007ffbccf00000 - 0x00007ffbcd031000 	C:\WINDOWS\System32\gdi32full.dll
0x00007ffbcd5d0000 - 0x00007ffbcd673000 	C:\WINDOWS\System32\msvcp_win.dll
0x00007ffbc5180000 - 0x00007ffbc518b000 	C:\WINDOWS\SYSTEM32\VERSION.dll
0x00007ffbcea60000 - 0x00007ffbcea8f000 	C:\WINDOWS\System32\IMM32.DLL
0x00007ffbc7f80000 - 0x00007ffbc7f8c000 	C:\Program Files\Java\jdk-17\bin\vcruntime140_1.dll
0x00007ffbb1d20000 - 0x00007ffbb1dae000 	C:\Program Files\Java\jdk-17\bin\msvcp140.dll
0x00007ffb7c1d0000 - 0x00007ffb7cdb0000 	C:\Program Files\Java\jdk-17\bin\server\jvm.dll
0x00007ffbcfb40000 - 0x00007ffbcfb48000 	C:\WINDOWS\System32\PSAPI.DLL
0x00007ffbad1e0000 - 0x00007ffbad1ea000 	C:\WINDOWS\SYSTEM32\WSOCK32.dll
0x00007ffbcf780000 - 0x00007ffbcf7f4000 	C:\WINDOWS\System32\WS2_32.dll
0x00007ffbb96a0000 - 0x00007ffbb96d6000 	C:\WINDOWS\SYSTEM32\WINMM.dll
0x00007ffbcbd70000 - 0x00007ffbcbd8a000 	C:\WINDOWS\SYSTEM32\kernel.appcore.dll
0x00007ffbbd750000 - 0x00007ffbbd75a000 	C:\Program Files\Java\jdk-17\bin\jimage.dll
0x00007ffbca610000 - 0x00007ffbca851000 	C:\WINDOWS\SYSTEM32\DBGHELP.DLL
0x00007ffbce3e0000 - 0x00007ffbce763000 	C:\WINDOWS\System32\combase.dll
0x00007ffbce0c0000 - 0x00007ffbce196000 	C:\WINDOWS\System32\OLEAUT32.dll
0x00007ffbb0030000 - 0x00007ffbb0069000 	C:\WINDOWS\SYSTEM32\dbgcore.DLL
0x00007ffbcce60000 - 0x00007ffbccef9000 	C:\WINDOWS\System32\bcryptPrimitives.dll
0x00007ffbbd740000 - 0x00007ffbbd74e000 	C:\Program Files\Java\jdk-17\bin\instrument.dll
0x00007ffbba4b0000 - 0x00007ffbba4d5000 	C:\Program Files\Java\jdk-17\bin\java.dll

dbghelp: loaded successfully - version: 4.0.5 - missing functions: none
symbol engine: initialized successfully - sym options: 0x614 - pdb path: .;C:\Program Files\Java\jdk-17\bin;C:\WINDOWS\SYSTEM32;C:\WINDOWS\WinSxS\amd64_microsoft.windows.common-controls_6595b64144ccf1df_6.0.26100.3624_none_3e086962e3345f24;C:\Program Files\Java\jdk-17\bin\server

VM Arguments:
jvm_args: -javaagent:C:\Program Files\JetBrains\IntelliJ IDEA Community Edition 2024.2.3\lib\idea_rt.jar=55070:C:\Program Files\JetBrains\IntelliJ IDEA Community Edition 2024.2.3\bin -Dfile.encoding=UTF-8 
java_command: MATH_DSA.AllDivisor_of_Number
java_class_path (initial): D:\DSAJAVA\out\production\DSAJAVA
Launcher Type: SUN_STANDARD

[Global flags]
     intx CICompilerCount                          = 4                                         {product} {ergonomic}
     uint ConcGCThreads                            = 2                                         {product} {ergonomic}
     uint G1ConcRefinementThreads                  = 8                                         {product} {ergonomic}
   size_t G1HeapRegionSize                         = 2097152                                   {product} {ergonomic}
    uintx GCDrainStackTargetSize                   = 64                                        {product} {ergonomic}
   size_t InitialHeapSize                          = 266338304                                 {product} {ergonomic}
   size_t MarkStackSize                            = 4194304                                   {product} {ergonomic}
   size_t MaxHeapSize                              = 4253024256                                {product} {ergonomic}
   size_t MinHeapDeltaBytes                        = 2097152                                   {product} {ergonomic}
   size_t MinHeapSize                              = 8388608                                   {product} {ergonomic}
    uintx NonNMethodCodeHeapSize                   = 5839372                                {pd product} {ergonomic}
    uintx NonProfiledCodeHeapSize                  = 122909434                              {pd product} {ergonomic}
    uintx ProfiledCodeHeapSize                     = 122909434                              {pd product} {ergonomic}
    uintx ReservedCodeCacheSize                    = 251658240                              {pd product} {ergonomic}
     bool SegmentedCodeCache                       = true                                      {product} {ergonomic}
   size_t SoftMaxHeapSize                          = 4253024256                             {manageable} {ergonomic}
     bool UseCompressedClassPointers               = true                           {product lp64_product} {ergonomic}
     bool UseCompressedOops                        = true                           {product lp64_product} {ergonomic}
     bool UseG1GC                                  = true                                      {product} {ergonomic}
     bool UseLargePagesIndividualAllocation        = false                                  {pd product} {ergonomic}

Logging:
Log output configuration:
 #0: stdout all=warning uptime,level,tags
 #1: stderr all=off uptime,level,tags

Environment Variables:
PATH=C:\Python313\Scripts\;C:\Python313\;C:\Program Files\Common Files\Oracle\Java\javapath;C:\Windows\system32;C:\Windows;C:\Windows\System32\Wbem;C:\Windows\System32\WindowsPowerShell\v1.0\;C:\Windows\System32\OpenSSH\;C:\Program Files (x86)\NVIDIA Corporation\PhysX\Common;C:\Program Files\NVIDIA Corporation\NVIDIA NvDLISR;C:\WINDOWS\system32;C:\WINDOWS;C:\WINDOWS\System32\Wbem;C:\WINDOWS\System32\WindowsPowerShell\v1.0\;C:\WINDOWS\System32\OpenSSH\;C:\MinGW\bin;C:\Program Files\Git\cmd;C:\Program Files\Git\mingw64\bin;C:\Program Files\Git\usr\bin;C:\Program Files\dotnet\;C:\ProgramData\chocolatey\bin;C:\Program Files\Java\jdk-17\bin;C:\Program Files\PostgreSQL\17\bin;C:\Program Files\Docker\Docker\resources\bin;C:\maven\apache-maven-3.9.9\bin;C:\Program Files\nodejs\;C:\Program Files\MongoDB\Server\8.0\bin;C:\Users\Saurabh Srivastav\AppData\Local\Microsoft\WindowsApps;C:\Users\Saurabh Srivastav\AppData\Local\Programs\Microsoft VS Code\bin;C:\Program Files\JetBrains\IntelliJ IDEA Community Edition 2024.2.3\bin;;C:\Users\Saurabh Srivastav\AppData\Local\Programs\mongosh\;C:\Program Files\JetBrains\IntelliJ IDEA 2024.2.4\bin;;C:\Users\Saurabh Srivastav\AppData\Roaming\npm;C:\Program Files\MongoDB\Server\8.0\bin;
USERNAME=Saurabh Srivastav
OS=Windows_NT
PROCESSOR_IDENTIFIER=Intel64 Family 6 Model 165 Stepping 2, GenuineIntel



---------------  S Y S T E M  ---------------

OS:
 Windows 11 , 64 bit Build 26100 (10.0.26100.3624)
OS uptime: 0 days 14:25 hours
Hyper-V role detected

CPU: total 8 (initial active 8) (4 cores per cpu, 2 threads per core) family 6 model 165 stepping 2 microcode 0xe0, cx8, cmov, fxsr, ht, mmx, 3dnowpref, sse, sse2, sse3, ssse3, sse4.1, sse4.2, popcnt, lzcnt, tsc, tscinvbit, avx, avx2, aes, erms, clmul, bmi1, bmi2, adx, fma, vzeroupper, clflush, clflushopt, hv

Memory: 4k page, system-wide physical 16221M (5391M free)
TotalPageFile size 16221M (AvailPageFile size 154M)
current process WorkingSet (physical memory assigned to process): 12M, peak: 12M
current process commit charge ("private bytes"): 60M, peak: 314M

vm_info: Java HotSpot(TM) 64-Bit Server VM (17.0.12+8-LTS-286) for windows-amd64 JRE (17.0.12+8-LTS-286), built on Jun  5 2024 06:46:59 by "mach5one" with MS VC++ 17.6 (VS2022)

END.
